2024-09-18 21:41:19 Сжат PNG файл: ./images/Pasted image 20240413205842.png на 60,84% (198358 байт -> 77671 байт)
2024-09-18 21:41:22 Сжат PNG файл: ./images/Pasted image 20240319200211.png на 67,25% (487706 байт -> 159700 байт)
2024-09-18 21:41:24 Сжат PNG файл: ./images/screen 40.png на 59,64% (92022 байт -> 37137 байт)
2024-09-18 21:41:25 Сжат PNG файл: ./images/Pasted image 20240908111536.png на 67,21% (534031 байт -> 175112 байт)
2024-09-18 21:41:25 Сжат PNG файл: ./images/Pasted image 20240205190752.png на 72,05% (1128668 байт -> 315415 байт)
2024-09-18 21:41:26 Сжат PNG файл: ./images/Pasted image 20240617194759.png на 69,76% (1150866 байт -> 348023 байт)
2024-09-18 21:41:27 Сжат PNG файл: ./images/Pasted image 20240407184716.png на 54,36% (71197 байт -> 32492 байт)
2024-09-18 21:41:27 Сжат PNG файл: ./images/Pasted image 20240605091036.png на 67,93% (444768 байт -> 142654 байт)
2024-09-18 21:41:28 Сжат PNG файл: ./images/Pasted image 20240613195204.png на 73,15% (1464658 байт -> 393196 байт)
2024-09-18 21:41:28 Сжат PNG файл: ./images/Pasted image 20231109104008.png на 71,29% (63659 байт -> 18278 байт)
2024-09-18 21:41:29 Сжат PNG файл: ./images/Pasted image 20240528090205.png на 67,59% (63435 байт -> 20561 байт)
2024-09-18 21:41:29 Сжат PNG файл: ./images/Pasted image 20240606094633.png на 59,43% (1009207 байт -> 409418 байт)
2024-09-18 21:41:30 Сжат PNG файл: ./images/Pasted image 20240607211343.png на 49,14% (639542 байт -> 325294 байт)
2024-09-18 21:41:31 Сжат PNG файл: ./images/Pasted image 20240320133203.png на 67,67% (550400 байт -> 177967 байт)
2024-09-18 21:41:31 Сжат PNG файл: ./images/Pasted image 20231120093026.png на 69,62% (66020 байт -> 20056 байт)
2024-09-18 21:41:31 Сжат PNG файл: ./images/Pasted image 20240113100105.png на 69,85% (153000 байт -> 46128 байт)
2024-09-18 21:41:31 Сжат PNG файл: ./images/Pasted image 20240219184314.png на 73,70% (809613 байт -> 212958 байт)
2024-09-18 21:41:32 Сжат PNG файл: ./images/Pasted image 20240617195054.png на 71,93% (1265170 байт -> 355153 байт)
2024-09-18 21:41:32 Сжат PNG файл: ./images/digital-garden.png на 61,37% (564410 байт -> 218039 байт)
2024-09-18 21:41:32 Сжат PNG файл: ./images/Pasted image 20240407184559.png на 63,19% (96808 байт -> 35639 байт)
2024-09-18 21:41:33 Сжат PNG файл: ./images/Pasted image 20240407184611.png на 59,63% (271576 байт -> 109647 байт)
2024-09-18 21:41:34 Сжат PNG файл: ./images/Pasted image 20240908122428.png на 61,01% (45634 байт -> 17792 байт)
2024-09-18 21:41:35 Сжат PNG файл: ./images/Pasted image 20240908105845.png на 64,95% (280213 байт -> 98204 байт)
2024-09-18 21:41:36 Сжат PNG файл: ./images/Pasted image 20231120092720.png на 73,17% (41367 байт -> 11099 байт)
2024-09-18 21:41:37 Сжат PNG файл: ./images/Pasted image 20231120092703.png на 70,44% (186119 байт -> 55021 байт)
2024-09-18 21:41:37 Сжат PNG файл: ./images/Pasted image 20240908115909.png на 68,24% (40613 байт -> 12900 байт)
2024-09-18 21:41:38 Сжат PNG файл: ./images/Pasted image 20240129194120.png на 74,89% (667286 байт -> 167569 байт)
2024-09-18 21:41:39 Сжат PNG файл: ./images/Pasted image 20240908111551.png на 67,02% (549273 байт -> 181138 байт)
2024-09-18 21:41:39 Сжат PNG файл: ./images/Pasted image 20240129193115.png на 74,99% (761206 байт -> 190364 байт)
2024-09-18 21:41:40 Сжат PNG файл: ./images/Pasted image 20240619083856.png на 77,24% (1026121 байт -> 233526 байт)
2024-09-18 21:41:40 Сжат PNG файл: ./images/Pasted image 20240407184626.png на 59,22% (96238 байт -> 39248 байт)
2024-09-18 21:41:40 Сжат PNG файл: ./images/Pasted image 20240908120026.png на 57,09% (211308 байт -> 90669 байт)
2024-09-18 21:41:41 Сжат PNG файл: ./images/Pasted image 20240701115612.png на 75,72% (1697352 байт -> 412122 байт)
2024-09-18 21:41:42 Сжат PNG файл: ./images/Pasted image 20240617194731.png на 69,52% (893721 байт -> 272371 байт)
2024-09-18 21:41:43 Сжат PNG файл: ./images/Pasted image 20240906164524.png на 63,59% (396432 байт -> 144337 байт)
2024-09-18 21:41:44 Сжат PNG файл: ./images/Pasted image 20231120092732.png на 71,14% (50231 байт -> 14496 байт)
2024-09-18 21:41:44 Сжат PNG файл: ./images/Pasted image 20240617184722.png на 68,41% (1154972 байт -> 364861 байт)
2024-09-18 21:41:44 Сжат PNG файл: ./images/Pasted image 20240910132902.png на 63,43% (163834 байт -> 59914 байт)
2024-09-18 21:41:44 Сжат PNG файл: ./images/Pasted image 20240129191116.png на 78,35% (1012350 байт -> 219190 байт)
2024-09-18 21:41:46 Сжат PNG файл: ./images/Pasted image 20240128143015.png на 77,62% (1534581 байт -> 343480 байт)
2024-09-18 21:41:46 Сжат PNG файл: ./images/Pasted image 20240906164456.png на 62,91% (235252 байт -> 87247 байт)
2024-09-18 21:41:46 Сжат PNG файл: ./images/data-sources-in-idea.png на 65,90% (296483 байт -> 101104 байт)
2024-09-18 21:41:47 Сжат PNG файл: ./images/Pasted image 20240605091913.png на 75,73% (1338612 байт -> 324830 байт)
2024-09-18 21:41:47 Сжат PNG файл: ./images/Pasted image 20231109104248.png на 71,93% (55185 байт -> 15491 байт)
2024-09-18 21:41:47 Сжат PNG файл: ./images/Pasted image 20240407184727.png на 61,59% (291158 байт -> 111838 байт)
2024-09-18 21:41:49 Сжат PNG файл: ./images/Pasted image 20240617194938.png на 69,55% (1066533 байт -> 324774 байт)
2024-09-18 21:41:52 Сжат PNG файл: ./images/Pasted image 20240528085716.png на 69,08% (47623 байт -> 14725 байт)
2024-09-18 21:41:52 Сжат PNG файл: ./images/Pasted image 20240908105749.png на 65,42% (697667 байт -> 241256 байт)
2024-09-18 21:41:52 Сжат PNG файл: ./images/Pasted image 20240906164551.png на 63,16% (419672 байт -> 154593 байт)
2024-09-18 21:41:53 Сжат PNG файл: ./images/Pasted image 20240129190639.png на 78,08% (751075 байт -> 164622 байт)
2024-09-18 21:41:54 Сжат PNG файл: ./images/Pasted image 20240528090119.png на 67,19% (46926 байт -> 15397 байт)
2024-09-18 21:41:55 Сжат PNG файл: ./images/Pasted image 20240206195639.png на 73,16% (120010 байт -> 32205 байт)
2024-09-18 21:41:55 Сжат PNG файл: ./images/Pasted image 20240206195611.png на 73,09% (106349 байт -> 28614 байт)
2024-09-18 21:41:56 Сжат PNG файл: ./images/Pasted image 20240908112035.png на 61,91% (405025 байт -> 154256 байт)
2024-09-18 21:41:56 Сжат PNG файл: ./images/Pasted image 20240712083105.png на 70,97% (92047 байт -> 26718 байт)
2024-09-18 21:41:57 Сжат PNG файл: ./images/Pasted image 20240226135429.png на 71,80% (1218175 байт -> 343534 байт)
2024-09-18 21:41:57 Сжат PNG файл: ./images/Pasted image 20240908115826.png на 64,83% (26901 байт -> 9460 байт)
2024-09-18 21:41:59 Сжат PNG файл: ./images/Pasted image 20231109104112.png на 59,68% (146387 байт -> 59029 байт)
2024-09-18 21:42:00 Сжат PNG файл: ./images/Pasted image 20240607211612.png на 61,39% (754296 байт -> 291245 байт)
2024-09-18 21:42:00 Сжат PNG файл: ./images/Pasted image 20240606094952.png на 71,93% (776386 байт -> 217901 байт)
2024-09-18 21:42:00 Сжат PNG файл: ./images/Pasted image 20240129194629.png на 73,74% (747661 байт -> 196304 байт)
2024-09-18 21:42:00 Сжат PNG файл: ./images/Pasted image 20240607212223.png на 63,25% (902502 байт -> 331638 байт)
2024-09-18 21:42:02 Сжат PNG файл: ./images/Pasted image 20240908110354.png на 67,45% (517421 байт -> 168398 байт)
2024-09-18 21:42:02 Сжат PNG файл: ./images/Pasted image 20231026115508.png на 59,72% (903314 байт -> 363830 байт)
2024-09-18 21:42:03 Сжат PNG файл: ./images/Pasted image 20231120092753.png на 70,15% (621233 байт -> 185411 байт)
2024-09-18 21:42:11 Сжат PNG файл: ./images/Pasted image 20240229204146.png на 73,70% (1343128 байт -> 353179 байт)
2024-09-18 21:42:11 Сжат PNG файл: ./images/Pasted image 20230914145442.png на 70,18% (1371026 байт -> 408905 байт)
2024-09-18 21:42:12 Конвертирован в WebP: ./images/comp/Pasted image 20240413205842.png на 41,65% (77671 байт -> 45318 байт)
2024-09-18 21:42:12 Конвертирован в WebP: ./images/comp/Pasted image 20240319200211.png на 33,31% (159700 байт -> 106498 байт)
2024-09-18 21:42:13 Конвертирован в WebP: ./images/comp/Pasted image 20240205190752.png на 84,59% (315415 байт -> 48604 байт)
2024-09-18 21:42:13 Конвертирован в WebP: ./images/comp/Pasted image 20240605091036.png на 68,48% (142654 байт -> 44964 байт)
2024-09-18 21:42:13 Конвертирован в WebP: ./images/comp/Pasted image 20240908111536.png на 51,03% (175112 байт -> 85756 байт)
2024-09-18 21:42:13 Конвертирован в WebP: ./images/comp/screen 40.png на 29,45% (37137 байт -> 26202 байт)
2024-09-18 21:42:13 Конвертирован в WebP: ./images/comp/Pasted image 20240407184716.png на 64,66% (32492 байт -> 11484 байт)
2024-09-18 21:42:13 Конвертирован в WebP: ./images/comp/Pasted image 20240617194759.png на 68,42% (348023 байт -> 109890 байт)
2024-09-18 21:42:13 Конвертирован в WebP: ./images/comp/Pasted image 20240219184314.png на 76,83% (212958 байт -> 49342 байт)
2024-09-18 21:42:13 Конвертирован в WebP: ./images/comp/Pasted image 20231109104008.png на -71,75% (18278 байт -> 31392 байт)
2024-09-18 21:42:14 Конвертирован в WebP: ./images/comp/Pasted image 20240607211343.png на 75,88% (325294 байт -> 78448 байт)
2024-09-18 21:42:14 Конвертирован в WebP: ./images/comp/Pasted image 20240528090205.png на -237,25% (20561 байт -> 69342 байт)
2024-09-18 21:42:14 Конвертирован в WebP: ./images/comp/Pasted image 20231120093026.png на -120,43% (20056 байт -> 44210 байт)
2024-09-18 21:42:14 Конвертирован в WebP: ./images/comp/Pasted image 20240113100105.png на 38,64% (46128 байт -> 28304 байт)
2024-09-18 21:42:14 Конвертирован в WebP: ./images/comp/Pasted image 20240407184611.png на 65,18% (109647 байт -> 38184 байт)
2024-09-18 21:42:14 Конвертирован в WebP: ./images/comp/Pasted image 20240606094633.png на 69,71% (409418 байт -> 124016 байт)
2024-09-18 21:42:14 Конвертирован в WebP: ./images/comp/Pasted image 20240407184559.png на 53,44% (35639 байт -> 16592 байт)
2024-09-18 21:42:14 Конвертирован в WebP: ./images/comp/Pasted image 20240320133203.png на 67,79% (177967 байт -> 57328 байт)
2024-09-18 21:42:15 Конвертирован в WebP: ./images/comp/digital-garden.png на 62,07% (218039 байт -> 82702 байт)
2024-09-18 21:42:15 Конвертирован в WebP: ./images/comp/Pasted image 20240617195054.png на 52,49% (355153 байт -> 168746 байт)
2024-09-18 21:42:15 Конвертирован в WebP: ./images/comp/Pasted image 20240613195204.png на 53,94% (393196 байт -> 181088 байт)
2024-09-18 21:42:15 Конвертирован в WebP: ./images/comp/Pasted image 20240908122428.png на 22,18% (17792 байт -> 13846 байт)
2024-09-18 21:42:15 Конвертирован в WebP: ./images/comp/Pasted image 20240129194120.png на 78,95% (167569 байт -> 35280 байт)
2024-09-18 21:42:15 Конвертирован в WebP: ./images/comp/Pasted image 20231120092703.png на -69,27% (55021 байт -> 93134 байт)
2024-09-18 21:42:15 Конвертирован в WebP: ./images/comp/Pasted image 20240129193115.png на 81,67% (190364 байт -> 34890 байт)
2024-09-18 21:42:15 Конвертирован в WebP: ./images/comp/Pasted image 20231120092720.png на -135,55% (11099 байт -> 26144 байт)
2024-09-18 21:42:15 Конвертирован в WebP: ./images/comp/Pasted image 20240908105845.png на 49,17% (98204 байт -> 49914 байт)
2024-09-18 21:42:16 Конвертирован в WebP: ./images/comp/Pasted image 20240908115909.png на -173,16% (12900 байт -> 35238 байт)
2024-09-18 21:42:16 Конвертирован в WebP: ./images/comp/Pasted image 20240619083856.png на 68,35% (233526 байт -> 73914 байт)
2024-09-18 21:42:16 Конвертирован в WebP: ./images/comp/Pasted image 20240908111551.png на 51,97% (181138 байт -> 86998 байт)
2024-09-18 21:42:16 Конвертирован в WebP: ./images/comp/Pasted image 20240908120026.png на 40,89% (90669 байт -> 53590 байт)
2024-09-18 21:42:16 Конвертирован в WebP: ./images/comp/Pasted image 20240407184626.png на 70,45% (39248 байт -> 11596 байт)
2024-09-18 21:42:16 Конвертирован в WebP: ./images/comp/Pasted image 20240129191116.png на 70,90% (219190 байт -> 63794 байт)
2024-09-18 21:42:17 Конвертирован в WebP: ./images/comp/Pasted image 20240528082025.png на 70,77% (270525 байт -> 79062 байт)
2024-09-18 21:42:17 Конвертирован в WebP: ./images/comp/Pasted image 20240617194731.png на 67,50% (272371 байт -> 88524 байт)
2024-09-18 21:42:17 Конвертирован в WebP: ./images/comp/Pasted image 20240906164524.png на 49,93% (144337 байт -> 72268 байт)
2024-09-18 21:42:17 Конвертирован в WebP: ./images/comp/data-sources-in-idea.png на 53,14% (101104 байт -> 47378 байт)
2024-09-18 21:42:17 Конвертирован в WebP: ./images/comp/Pasted image 20240605091913.png на 62,86% (324830 байт -> 120650 байт)
2024-09-18 21:42:17 Конвертирован в WebP: ./images/comp/Pasted image 20231120092732.png на -120,75% (14496 байт -> 32000 байт)
2024-09-18 21:42:17 Конвертирован в WebP: ./images/comp/Pasted image 20240617184722.png на 67,67% (364861 байт -> 117954 байт)
2024-09-18 21:42:17 Конвертирован в WebP: ./images/comp/Pasted image 20240910132902.png на 55,05% (59914 байт -> 26930 байт)
2024-09-18 21:42:18 Конвертирован в WebP: ./images/comp/Pasted image 20240701115612.png на 57,88% (412122 байт -> 173606 байт)
2024-09-18 21:42:18 Конвертирован в WebP: ./images/comp/Pasted image 20240128143015.png на 71,85% (343480 байт -> 96678 байт)
2024-09-18 21:42:18 Конвертирован в WebP: ./images/comp/Pasted image 20231109104248.png на -70,36% (15491 байт -> 26390 байт)
2024-09-18 21:42:18 Конвертирован в WebP: ./images/comp/Pasted image 20240407184727.png на 58,51% (111838 байт -> 46406 байт)
2024-09-18 21:42:18 Конвертирован в WebP: ./images/comp/Pasted image 20240906164456.png на 55,49% (87247 байт -> 38834 байт)
2024-09-18 21:42:19 Конвертирован в WebP: ./images/comp/Pasted image 20240129190639.png на 70,68% (164622 байт -> 48266 байт)
2024-09-18 21:42:19 Конвертирован в WebP: ./images/comp/Pasted image 20240617194938.png на 67,34% (324774 байт -> 106084 байт)
2024-09-18 21:42:19 Конвертирован в WebP: ./images/comp/Pasted image 20240906164551.png на 50,09% (154593 байт -> 77164 байт)
2024-09-18 21:42:19 Конвертирован в WebP: ./images/comp/Pasted image 20240528085716.png на -88,52% (14725 байт -> 27760 байт)
2024-09-18 21:42:19 Конвертирован в WebP: ./images/comp/Pasted image 20240908105749.png на 49,38% (241256 байт -> 122112 байт)
2024-09-18 21:42:19 Конвертирован в WebP: ./images/comp/Pasted image 20240528090119.png на -120,67% (15397 байт -> 33976 байт)
2024-09-18 21:42:19 Конвертирован в WebP: ./images/comp/Pasted image 20240712083105.png на -82,84% (26718 байт -> 48852 байт)
2024-09-18 21:42:20 Конвертирован в WebP: ./images/comp/Pasted image 20240206195639.png на -21,09% (32205 байт -> 38996 байт)
2024-09-18 21:42:20 Конвертирован в WebP: ./images/comp/Pasted image 20240206195611.png на -21,23% (28614 байт -> 34690 байт)
2024-09-18 21:42:20 Конвертирован в WebP: ./images/comp/Pasted image 20240226135429.png на 71,04% (343534 байт -> 99504 байт)
2024-09-18 21:42:20 Конвертирован в WebP: ./images/comp/Pasted image 20240908115826.png на -95,75% (9460 байт -> 18518 байт)
2024-09-18 21:42:20 Конвертирован в WebP: ./images/comp/Pasted image 20240908112035.png на 47,57% (154256 байт -> 80872 байт)
2024-09-18 21:42:20 Конвертирован в WebP: ./images/comp/Pasted image 20240607212223.png на 68,64% (331638 байт -> 103994 байт)
2024-09-18 21:42:20 Конвертирован в WebP: ./images/comp/Pasted image 20240606094952.png на 67,72% (217901 байт -> 70330 байт)
2024-09-18 21:42:20 Конвертирован в WebP: ./images/comp/Pasted image 20240607211612.png на 68,44% (291245 байт -> 91920 байт)
2024-09-18 21:42:20 Конвертирован в WebP: ./images/comp/Pasted image 20240129194629.png на 80,03% (196304 байт -> 39202 байт)
2024-09-18 21:42:21 Конвертирован в WebP: ./images/comp/Pasted image 20231109104112.png на 22,70% (59029 байт -> 45628 байт)
2024-09-18 21:42:21 Конвертирован в WebP: ./images/comp/Pasted image 20240908110354.png на 47,64% (168398 байт -> 88176 байт)
2024-09-18 21:42:21 Конвертирован в WebP: ./images/comp/Pasted image 20231026115508.png на 48,95% (363830 байт -> 185722 байт)
2024-09-18 21:42:22 Конвертирован в WebP: ./images/comp/Pasted image 20231120092753.png на 36,91% (185411 байт -> 116984 байт)
2024-09-18 21:42:22 Конвертирован в WebP: ./images/comp/Pasted image 20240229204146.png на 69,08% (353179 байт -> 109202 байт)
2024-09-18 21:42:24 Конвертирован в WebP: ./images/comp/Pasted image 20230914145442.png на 12,88% (408905 байт -> 356252 байт)
